This is pdfTeX, Version 3.141592653-2.6-1.40.22 (TeX Live 2021/W32TeX) (preloaded format=pdflatex 2021.4.20)  28 APR 2021 17:34
entering extended mode
 restricted \write18 enabled.
 %&-line parsing enabled.
**Tutorial8.tex
(./Tutorial8.tex
LaTeX2e <2020-10-01> patch level 4
L3 programming layer <2021-02-18> (c:/Users/whc/AppData/Roaming/TinyTeX/texmf-d
ist/tex/latex/base/article.cls
Document Class: article 2020/04/10 v1.4m Standard LaTeX document class
(c:/Users/whc/AppData/Roaming/TinyTeX/texmf-dist/tex/latex/base/size11.clo
File: size11.clo 2020/04/10 v1.4m Standard LaTeX file (size option)
)
\c@part=\count179
\c@section=\count180
\c@subsection=\count181
\c@subsubsection=\count182
\c@paragraph=\count183
\c@subparagraph=\count184
\c@figure=\count185
\c@table=\count186
\abovecaptionskip=\skip47
\belowcaptionskip=\skip48
\bibindent=\dimen138
) (c:/Users/whc/AppData/Roaming/TinyTeX/texmf-dist/tex/latex/lm/lmodern.sty
Package: lmodern 2015/05/01 v1.6.1 Latin Modern Fonts
LaTeX Font Info:    Overwriting symbol font `operators' in version `normal'
(Font)                  OT1/cmr/m/n --> OT1/lmr/m/n on input line 22.
LaTeX Font Info:    Overwriting symbol font `letters' in version `normal'
(Font)                  OML/cmm/m/it --> OML/lmm/m/it on input line 23.
LaTeX Font Info:    Overwriting symbol font `symbols' in version `normal'
(Font)                  OMS/cmsy/m/n --> OMS/lmsy/m/n on input line 24.
LaTeX Font Info:    Overwriting symbol font `largesymbols' in version `normal'
(Font)                  OMX/cmex/m/n --> OMX/lmex/m/n on input line 25.
LaTeX Font Info:    Overwriting symbol font `operators' in version `bold'
(Font)                  OT1/cmr/bx/n --> OT1/lmr/bx/n on input line 26.
LaTeX Font Info:    Overwriting symbol font `letters' in version `bold'
(Font)                  OML/cmm/b/it --> OML/lmm/b/it on input line 27.
LaTeX Font Info:    Overwriting symbol font `symbols' in version `bold'
(Font)                  OMS/cmsy/b/n --> OMS/lmsy/b/n on input line 28.
LaTeX Font Info:    Overwriting symbol font `largesymbols' in version `bold'
(Font)                  OMX/cmex/m/n --> OMX/lmex/m/n on input line 29.
LaTeX Font Info:    Overwriting math alphabet `\mathbf' in version `normal'
(Font)                  OT1/cmr/bx/n --> OT1/lmr/bx/n on input line 31.
LaTeX Font Info:    Overwriting math alphabet `\mathsf' in version `normal'
(Font)                  OT1/cmss/m/n --> OT1/lmss/m/n on input line 32.
LaTeX Font Info:    Overwriting math alphabet `\mathit' in version `normal'
(Font)                  OT1/cmr/m/it --> OT1/lmr/m/it on input line 33.
LaTeX Font Info:    Overwriting math alphabet `\mathtt' in version `normal'
(Font)                  OT1/cmtt/m/n --> OT1/lmtt/m/n on input line 34.
LaTeX Font Info:    Overwriting math alphabet `\mathbf' in version `bold'
(Font)                  OT1/cmr/bx/n --> OT1/lmr/bx/n on input line 35.
LaTeX Font Info:    Overwriting math alphabet `\mathsf' in version `bold'
(Font)                  OT1/cmss/bx/n --> OT1/lmss/bx/n on input line 36.
LaTeX Font Info:    Overwriting math alphabet `\mathit' in version `bold'
(Font)                  OT1/cmr/bx/it --> OT1/lmr/bx/it on input line 37.
LaTeX Font Info:    Overwriting math alphabet `\mathtt' in version `bold'
(Font)                  OT1/cmtt/m/n --> OT1/lmtt/m/n on input line 38.
)
(c:/Users/whc/AppData/Roaming/TinyTeX/texmf-dist/tex/latex/amsfonts/amssymb.sty
Package: amssymb 2013/01/14 v3.01 AMS font symbols

(c:/Users/whc/AppData/Roaming/TinyTeX/texmf-dist/tex/latex/amsfonts/amsfonts.st
y
Package: amsfonts 2013/01/14 v3.01 Basic AMSFonts support
\@emptytoks=\toks15
\symAMSa=\mathgroup4
\symAMSb=\mathgroup5
LaTeX Font Info:    Redeclaring math symbol \hbar on input line 98.
LaTeX Font Info:    Overwriting math alphabet `\mathfrak' in version `bold'
(Font)                  U/euf/m/n --> U/euf/b/n on input line 106.
)) (c:/Users/whc/AppData/Roaming/TinyTeX/texmf-dist/tex/latex/amsmath/amsmath.s
ty
Package: amsmath 2020/09/23 v2.17i AMS math features
\@mathmargin=\skip49
For additional information on amsmath, use the `?' option.
(c:/Users/whc/AppData/Roaming/TinyTeX/texmf-dist/tex/latex/amsmath/amstext.sty
Package: amstext 2000/06/29 v2.01 AMS text
(c:/Users/whc/AppData/Roaming/TinyTeX/texmf-dist/tex/latex/amsmath/amsgen.sty
File: amsgen.sty 1999/11/30 v2.0 generic functions
\@emptytoks=\toks16
\ex@=\dimen139
)) (c:/Users/whc/AppData/Roaming/TinyTeX/texmf-dist/tex/latex/amsmath/amsbsy.st
y
Package: amsbsy 1999/11/29 v1.2d Bold Symbols
\pmbraise@=\dimen140
) (c:/Users/whc/AppData/Roaming/TinyTeX/texmf-dist/tex/latex/amsmath/amsopn.sty
Package: amsopn 2016/03/08 v2.02 operator names
)
\inf@bad=\count187
LaTeX Info: Redefining \frac on input line 234.
\uproot@=\count188
\leftroot@=\count189
LaTeX Info: Redefining \overline on input line 399.
\classnum@=\count190
\DOTSCASE@=\count191
LaTeX Info: Redefining \ldots on input line 496.
LaTeX Info: Redefining \dots on input line 499.
LaTeX Info: Redefining \cdots on input line 620.
\Mathstrutbox@=\box47
\strutbox@=\box48
\big@size=\dimen141
LaTeX Font Info:    Redeclaring font encoding OML on input line 743.
LaTeX Font Info:    Redeclaring font encoding OMS on input line 744.
\macc@depth=\count192
\c@MaxMatrixCols=\count193
\dotsspace@=\muskip16
\c@parentequation=\count194
\dspbrk@lvl=\count195
\tag@help=\toks17
\row@=\count196
\column@=\count197
\maxfields@=\count198
\andhelp@=\toks18
\eqnshift@=\dimen142
\alignsep@=\dimen143
\tagshift@=\dimen144
\tagwidth@=\dimen145
\totwidth@=\dimen146
\lineht@=\dimen147
\@envbody=\toks19
\multlinegap=\skip50
\multlinetaggap=\skip51
\mathdisplay@stack=\toks20
LaTeX Info: Redefining \[ on input line 2923.
LaTeX Info: Redefining \] on input line 2924.
) (c:/Users/whc/AppData/Roaming/TinyTeX/texmf-dist/tex/generic/iftex/ifxetex.st
y
Package: ifxetex 2019/10/25 v0.7 ifxetex legacy package. Use iftex instead.
(c:/Users/whc/AppData/Roaming/TinyTeX/texmf-dist/tex/generic/iftex/iftex.sty
Package: iftex 2020/03/06 v1.0d TeX engine tests
))
(c:/Users/whc/AppData/Roaming/TinyTeX/texmf-dist/tex/generic/iftex/ifluatex.sty
Package: ifluatex 2019/10/25 v1.5 ifluatex legacy package. Use iftex instead.
) (c:/Users/whc/AppData/Roaming/TinyTeX/texmf-dist/tex/latex/base/fixltx2e.sty
Package: fixltx2e 2016/12/29 v2.1a fixes to LaTeX (obsolete)
Applying: [2015/01/01] Old fixltx2e package on input line 46.

Package fixltx2e Warning: fixltx2e is not required with releases after 2015
(fixltx2e)                All fixes are now in the LaTeX kernel.
(fixltx2e)                See the latexrelease package for details.

Already applied: [0000/00/00] Old fixltx2e package on input line 53.
) (c:/Users/whc/AppData/Roaming/TinyTeX/texmf-dist/tex/latex/base/fontenc.sty
Package: fontenc 2020/08/10 v2.0s Standard LaTeX package
LaTeX Font Info:    Trying to load font information for T1+lmr on input line 11
2.
(c:/Users/whc/AppData/Roaming/TinyTeX/texmf-dist/tex/latex/lm/t1lmr.fd
File: t1lmr.fd 2015/05/01 v1.6.1 Font defs for Latin Modern
)) (c:/Users/whc/AppData/Roaming/TinyTeX/texmf-dist/tex/latex/base/inputenc.sty
Package: inputenc 2020/08/01 v1.3d Input encoding file
\inpenc@prehook=\toks21
\inpenc@posthook=\toks22
)
(c:/Users/whc/AppData/Roaming/TinyTeX/texmf-dist/tex/latex/microtype/microtype.
sty
Package: microtype 2021/03/14 v2.8c Micro-typographical refinements (RS)
(c:/Users/whc/AppData/Roaming/TinyTeX/texmf-dist/tex/latex/graphics/keyval.sty
Package: keyval 2014/10/28 v1.15 key=value parser (DPC)
\KV@toks@=\toks23
)
\MT@toks=\toks24
\MT@count=\count199
LaTeX Info: Redefining \textls on input line 790.
\MT@outer@kern=\dimen148
LaTeX Info: Redefining \textmicrotypecontext on input line 1374.
\MT@listname@count=\count266

(c:/Users/whc/AppData/Roaming/TinyTeX/texmf-dist/tex/latex/microtype/microtype-
pdftex.def
File: microtype-pdftex.def 2021/03/14 v2.8c Definitions specific to pdftex (RS)

LaTeX Info: Redefining \lsstyle on input line 915.
LaTeX Info: Redefining \lslig on input line 915.
\MT@outer@space=\skip52
)
Package microtype Info: Loading configuration file microtype.cfg.

(c:/Users/whc/AppData/Roaming/TinyTeX/texmf-dist/tex/latex/microtype/microtype.
cfg
File: microtype.cfg 2021/03/14 v2.8c microtype main configuration file (RS)
))
(c:/Users/whc/AppData/Roaming/TinyTeX/texmf-dist/tex/latex/hyperref/hyperref.st
y
Package: hyperref 2021-02-27 v7.00k Hypertext links for LaTeX

(c:/Users/whc/AppData/Roaming/TinyTeX/texmf-dist/tex/generic/ltxcmds/ltxcmds.st
y
Package: ltxcmds 2020-05-10 v1.25 LaTeX kernel commands for general use (HO)
)
(c:/Users/whc/AppData/Roaming/TinyTeX/texmf-dist/tex/generic/pdftexcmds/pdftexc
mds.sty
Package: pdftexcmds 2020-06-27 v0.33 Utility functions of pdfTeX for LuaTeX (HO
)

(c:/Users/whc/AppData/Roaming/TinyTeX/texmf-dist/tex/generic/infwarerr/infwarer
r.sty
Package: infwarerr 2019/12/03 v1.5 Providing info/warning/error messages (HO)
)
Package pdftexcmds Info: \pdf@primitive is available.
Package pdftexcmds Info: \pdf@ifprimitive is available.
Package pdftexcmds Info: \pdfdraftmode found.
)
(c:/Users/whc/AppData/Roaming/TinyTeX/texmf-dist/tex/generic/kvsetkeys/kvsetkey
s.sty
Package: kvsetkeys 2019/12/15 v1.18 Key value parser (HO)
)
(c:/Users/whc/AppData/Roaming/TinyTeX/texmf-dist/tex/generic/kvdefinekeys/kvdef
inekeys.sty
Package: kvdefinekeys 2019-12-19 v1.6 Define keys (HO)
)
(c:/Users/whc/AppData/Roaming/TinyTeX/texmf-dist/tex/generic/pdfescape/pdfescap
e.sty
Package: pdfescape 2019/12/09 v1.15 Implements pdfTeX's escape features (HO)
) (c:/Users/whc/AppData/Roaming/TinyTeX/texmf-dist/tex/latex/hycolor/hycolor.st
y
Package: hycolor 2020-01-27 v1.10 Color options for hyperref/bookmark (HO)
)
(c:/Users/whc/AppData/Roaming/TinyTeX/texmf-dist/tex/latex/letltxmacro/letltxma
cro.sty
Package: letltxmacro 2019/12/03 v1.6 Let assignment for LaTeX macros (HO)
) (c:/Users/whc/AppData/Roaming/TinyTeX/texmf-dist/tex/latex/auxhook/auxhook.st
y
Package: auxhook 2019-12-17 v1.6 Hooks for auxiliary files (HO)
)
(c:/Users/whc/AppData/Roaming/TinyTeX/texmf-dist/tex/latex/kvoptions/kvoptions.
sty
Package: kvoptions 2020-10-07 v3.14 Key value format for package options (HO)
)
\@linkdim=\dimen149
\Hy@linkcounter=\count267
\Hy@pagecounter=\count268
(c:/Users/whc/AppData/Roaming/TinyTeX/texmf-dist/tex/latex/hyperref/pd1enc.def
File: pd1enc.def 2021-02-27 v7.00k Hyperref: PDFDocEncoding definition (HO)
Now handling font encoding PD1 ...
... no UTF-8 mapping file for font encoding PD1
)
(c:/Users/whc/AppData/Roaming/TinyTeX/texmf-dist/tex/latex/hyperref/hyperref-la
ngpatches.def
File: hyperref-langpatches.def 2021-02-27 v7.00k Hyperref: patches for babel la
nguages
)
(c:/Users/whc/AppData/Roaming/TinyTeX/texmf-dist/tex/generic/intcalc/intcalc.st
y
Package: intcalc 2019/12/15 v1.3 Expandable calculations with integers (HO)
)
(c:/Users/whc/AppData/Roaming/TinyTeX/texmf-dist/tex/generic/etexcmds/etexcmds.
sty
Package: etexcmds 2019/12/15 v1.7 Avoid name clashes with e-TeX commands (HO)
)
\Hy@SavedSpaceFactor=\count269
(c:/Users/whc/AppData/Roaming/TinyTeX/texmf-dist/tex/latex/hyperref/puenc.def
File: puenc.def 2021-02-27 v7.00k Hyperref: PDF Unicode definition (HO)
Now handling font encoding PU ...
... no UTF-8 mapping file for font encoding PU
)
Package hyperref Info: Option `unicode' set `true' on input line 4073.
Package hyperref Info: Hyper figures OFF on input line 4192.
Package hyperref Info: Link nesting OFF on input line 4197.
Package hyperref Info: Hyper index ON on input line 4200.
Package hyperref Info: Plain pages OFF on input line 4207.
Package hyperref Info: Backreferencing OFF on input line 4212.
Package hyperref Info: Implicit mode ON; LaTeX internals redefined.
Package hyperref Info: Bookmarks ON on input line 4445.
\c@Hy@tempcnt=\count270
(c:/Users/whc/AppData/Roaming/TinyTeX/texmf-dist/tex/latex/url/url.sty
\Urlmuskip=\muskip17
Package: url 2013/09/16  ver 3.4  Verb mode for urls, etc.
)
LaTeX Info: Redefining \url on input line 4804.
\XeTeXLinkMargin=\dimen150
(c:/Users/whc/AppData/Roaming/TinyTeX/texmf-dist/tex/generic/bitset/bitset.sty
Package: bitset 2019/12/09 v1.3 Handle bit-vector datatype (HO)

(c:/Users/whc/AppData/Roaming/TinyTeX/texmf-dist/tex/generic/bigintcalc/bigintc
alc.sty
Package: bigintcalc 2019/12/15 v1.5 Expandable calculations on big integers (HO
)
))
\Fld@menulength=\count271
\Field@Width=\dimen151
\Fld@charsize=\dimen152
Package hyperref Info: Hyper figures OFF on input line 6075.
Package hyperref Info: Link nesting OFF on input line 6080.
Package hyperref Info: Hyper index ON on input line 6083.
Package hyperref Info: backreferencing OFF on input line 6090.
Package hyperref Info: Link coloring OFF on input line 6095.
Package hyperref Info: Link coloring with OCG OFF on input line 6100.
Package hyperref Info: PDF/A mode OFF on input line 6105.
LaTeX Info: Redefining \ref on input line 6145.
LaTeX Info: Redefining \pageref on input line 6149.

(c:/Users/whc/AppData/Roaming/TinyTeX/texmf-dist/tex/latex/base/atbegshi-ltx.st
y
Package: atbegshi-ltx 2020/08/17 v1.0a Emulation of the original atbegshi packa
ge
with kernel methods
)
\Hy@abspage=\count272
\c@Item=\count273
\c@Hfootnote=\count274
)
Package hyperref Info: Driver (autodetected): hpdftex.

(c:/Users/whc/AppData/Roaming/TinyTeX/texmf-dist/tex/latex/hyperref/hpdftex.def
File: hpdftex.def 2021-02-27 v7.00k Hyperref driver for pdfTeX

(c:/Users/whc/AppData/Roaming/TinyTeX/texmf-dist/tex/latex/base/atveryend-ltx.s
ty
Package: atveryend-ltx 2020/08/19 v1.0a Emulation of the original atvery packag
e
with kernel methods
)
\Fld@listcount=\count275
\c@bookmark@seq@number=\count276

(c:/Users/whc/AppData/Roaming/TinyTeX/texmf-dist/tex/latex/rerunfilecheck/rerun
filecheck.sty
Package: rerunfilecheck 2019/12/05 v1.9 Rerun checks for auxiliary files (HO)

(c:/Users/whc/AppData/Roaming/TinyTeX/texmf-dist/tex/generic/uniquecounter/uniq
uecounter.sty
Package: uniquecounter 2019/12/15 v1.4 Provide unlimited unique counter (HO)
)
Package uniquecounter Info: New unique counter `rerunfilecheck' on input line 2
86.
)
\Hy@SectionHShift=\skip53
)
Package hyperref Info: Option `breaklinks' set `true' on input line 26.

(c:/Users/whc/AppData/Roaming/TinyTeX/texmf-dist/tex/latex/geometry/geometry.st
y
Package: geometry 2020/01/02 v5.9 Page Geometry
(c:/Users/whc/AppData/Roaming/TinyTeX/texmf-dist/tex/generic/iftex/ifvtex.sty
Package: ifvtex 2019/10/25 v1.7 ifvtex legacy package. Use iftex instead.
)
\Gm@cnth=\count277
\Gm@cntv=\count278
\c@Gm@tempcnt=\count279
\Gm@bindingoffset=\dimen153
\Gm@wd@mp=\dimen154
\Gm@odd@mp=\dimen155
\Gm@even@mp=\dimen156
\Gm@layoutwidth=\dimen157
\Gm@layoutheight=\dimen158
\Gm@layouthoffset=\dimen159
\Gm@layoutvoffset=\dimen160
\Gm@dimlist=\toks25
)
(c:/Users/whc/AppData/Roaming/TinyTeX/texmf-dist/tex/latex/biblatex/biblatex.st
y
Package: biblatex 2020/12/31 v3.16 programmable bibliographies (PK/MW)

(c:/Users/whc/AppData/Roaming/TinyTeX/texmf-dist/tex/latex/etoolbox/etoolbox.st
y
Package: etoolbox 2020/10/05 v2.5k e-TeX tools for LaTeX (JAW)
\etb@tempcnta=\count280
) (c:/Users/whc/AppData/Roaming/TinyTeX/texmf-dist/tex/latex/logreq/logreq.sty
Package: logreq 2010/08/04 v1.0 xml request logger
\lrq@indent=\count281
(c:/Users/whc/AppData/Roaming/TinyTeX/texmf-dist/tex/latex/logreq/logreq.def
File: logreq.def 2010/08/04 v1.0 logreq spec v1.0
)) (c:/Users/whc/AppData/Roaming/TinyTeX/texmf-dist/tex/latex/base/ifthen.sty
Package: ifthen 2014/09/29 v1.1c Standard LaTeX ifthen package (DPC)
)
\c@tabx@nest=\count282
\c@listtotal=\count283
\c@listcount=\count284
\c@liststart=\count285
\c@liststop=\count286
\c@citecount=\count287
\c@citetotal=\count288
\c@multicitecount=\count289
\c@multicitetotal=\count290
\c@instcount=\count291
\c@maxnames=\count292
\c@minnames=\count293
\c@maxitems=\count294
\c@minitems=\count295
\c@citecounter=\count296
\c@maxcitecounter=\count297
\c@savedcitecounter=\count298
\c@uniquelist=\count299
\c@uniquename=\count300
\c@refsection=\count301
\c@refsegment=\count302
\c@maxextratitle=\count303
\c@maxextratitleyear=\count304
\c@maxextraname=\count305
\c@maxextradate=\count306
\c@maxextraalpha=\count307
\c@abbrvpenalty=\count308
\c@highnamepenalty=\count309
\c@lownamepenalty=\count310
\c@maxparens=\count311
\c@parenlevel=\count312
\blx@tempcnta=\count313
\blx@tempcntb=\count314
\blx@tempcntc=\count315
\blx@maxsection=\count316
\blx@maxsegment@0=\count317
\blx@notetype=\count318
\blx@parenlevel@text=\count319
\blx@parenlevel@foot=\count320
\blx@sectionciteorder@0=\count321
\blx@entrysetcounter=\count322
\blx@biblioinstance=\count323
\labelnumberwidth=\skip54
\labelalphawidth=\skip55
\biblabelsep=\skip56
\bibitemsep=\skip57
\bibnamesep=\skip58
\bibinitsep=\skip59
\bibparsep=\skip60
\bibhang=\skip61
\blx@bcfin=\read2
\blx@bcfout=\write3
\blx@langwohyphens=\language3
\c@mincomprange=\count324
\c@maxcomprange=\count325
\c@mincompwidth=\count326
Package biblatex Info: Trying to load biblatex default data model...
Package biblatex Info: ... file 'blx-dm.def' found.
(c:/Users/whc/AppData/Roaming/TinyTeX/texmf-dist/tex/latex/biblatex/blx-dm.def
File: blx-dm.def 2020/12/31 v3.16 biblatex localization (PK/MW)
)
Package biblatex Info: Trying to load biblatex style data model...
Package biblatex Info: ... file 'authoryear-comp.dbx' not found.
Package biblatex Info: Trying to load biblatex custom data model...
Package biblatex Info: ... file 'biblatex-dm.cfg' not found.
\c@afterword=\count327
\c@savedafterword=\count328
\c@annotator=\count329
\c@savedannotator=\count330
\c@author=\count331
\c@savedauthor=\count332
\c@bookauthor=\count333
\c@savedbookauthor=\count334
\c@commentator=\count335
\c@savedcommentator=\count336
\c@editor=\count337
\c@savededitor=\count338
\c@editora=\count339
\c@savededitora=\count340
\c@editorb=\count341
\c@savededitorb=\count342
\c@editorc=\count343
\c@savededitorc=\count344
\c@foreword=\count345
\c@savedforeword=\count346
\c@holder=\count347
\c@savedholder=\count348
\c@introduction=\count349
\c@savedintroduction=\count350
\c@namea=\count351
\c@savednamea=\count352
\c@nameb=\count353
\c@savednameb=\count354
\c@namec=\count355
\c@savednamec=\count356
\c@translator=\count357
\c@savedtranslator=\count358
\c@shortauthor=\count359
\c@savedshortauthor=\count360
\c@shorteditor=\count361
\c@savedshorteditor=\count362
\c@labelname=\count363
\c@savedlabelname=\count364
\c@institution=\count365
\c@savedinstitution=\count366
\c@lista=\count367
\c@savedlista=\count368
\c@listb=\count369
\c@savedlistb=\count370
\c@listc=\count371
\c@savedlistc=\count372
\c@listd=\count373
\c@savedlistd=\count374
\c@liste=\count375
\c@savedliste=\count376
\c@listf=\count377
\c@savedlistf=\count378
\c@location=\count379
\c@savedlocation=\count380
\c@organization=\count381
\c@savedorganization=\count382
\c@origlocation=\count383
\c@savedoriglocation=\count384
\c@origpublisher=\count385
\c@savedorigpublisher=\count386
\c@publisher=\count387
\c@savedpublisher=\count388
\c@language=\count389
\c@savedlanguage=\count390
\c@origlanguage=\count391
\c@savedoriglanguage=\count392
\c@pageref=\count393
\c@savedpageref=\count394
\shorthandwidth=\skip62
\shortjournalwidth=\skip63
\shortserieswidth=\skip64
\shorttitlewidth=\skip65
\shortauthorwidth=\skip66
\shorteditorwidth=\skip67
\locallabelnumberwidth=\skip68
\locallabelalphawidth=\skip69
\localshorthandwidth=\skip70
\localshortjournalwidth=\skip71
\localshortserieswidth=\skip72
\localshorttitlewidth=\skip73
\localshortauthorwidth=\skip74
\localshorteditorwidth=\skip75
Package biblatex Info: Trying to load compatibility code...
Package biblatex Info: ... file 'blx-compat.def' found.

(c:/Users/whc/AppData/Roaming/TinyTeX/texmf-dist/tex/latex/biblatex/blx-compat.
def
File: blx-compat.def 2020/12/31 v3.16 biblatex compatibility (PK/MW)
)
Package biblatex Info: Trying to load generic definitions...
Package biblatex Info: ... file 'biblatex.def' found.

(c:/Users/whc/AppData/Roaming/TinyTeX/texmf-dist/tex/latex/biblatex/biblatex.de
f
File: biblatex.def 2020/12/31 v3.16 biblatex compatibility (PK/MW)
\c@textcitecount=\count395
\c@textcitetotal=\count396
\c@textcitemaxnames=\count397
\c@biburlbigbreakpenalty=\count398
\c@biburlbreakpenalty=\count399
\c@biburlnumpenalty=\count400
\c@biburlucpenalty=\count401
\c@biburllcpenalty=\count402
\biburlbigskip=\muskip18
\biburlnumskip=\muskip19
\biburlucskip=\muskip20
\biburllcskip=\muskip21
\c@smartand=\count403
)
Package biblatex Info: Trying to load bibliography style 'authoryear-comp'...
Package biblatex Info: ... file 'authoryear-comp.bbx' found.

(c:/Users/whc/AppData/Roaming/TinyTeX/texmf-dist/tex/latex/biblatex/bbx/authory
ear-comp.bbx
File: authoryear-comp.bbx 2020/12/31 v3.16 biblatex bibliography style (PK/MW)
Package biblatex Info: Trying to load bibliography style 'authoryear'...
Package biblatex Info: ... file 'authoryear.bbx' found.

(c:/Users/whc/AppData/Roaming/TinyTeX/texmf-dist/tex/latex/biblatex/bbx/authory
ear.bbx
File: authoryear.bbx 2020/12/31 v3.16 biblatex bibliography style (PK/MW)
Package biblatex Info: Trying to load bibliography style 'standard'...
Package biblatex Info: ... file 'standard.bbx' found.

(c:/Users/whc/AppData/Roaming/TinyTeX/texmf-dist/tex/latex/biblatex/bbx/standar
d.bbx
File: standard.bbx 2020/12/31 v3.16 biblatex bibliography style (PK/MW)
\c@bbx:relatedcount=\count404
\c@bbx:relatedtotal=\count405
)))
Package biblatex Info: Trying to load citation style 'authoryear-comp'...
Package biblatex Info: ... file 'authoryear-comp.cbx' found.

(c:/Users/whc/AppData/Roaming/TinyTeX/texmf-dist/tex/latex/biblatex/cbx/authory
ear-comp.cbx
File: authoryear-comp.cbx 2020/12/31 v3.16 biblatex citation style (PK/MW)
Package biblatex Info: Redefining '\cite'.
Package biblatex Info: Redefining '\parencite'.
Package biblatex Info: Redefining '\footcite'.
Package biblatex Info: Redefining '\footcitetext'.
Package biblatex Info: Redefining '\smartcite'.
Package biblatex Info: Redefining '\textcite'.
Package biblatex Info: Redefining '\textcites'.
Package biblatex Info: Redefining '\cites'.
Package biblatex Info: Redefining '\parencites'.
Package biblatex Info: Redefining '\footcites'.
Package biblatex Info: Redefining '\footcitetexts'.
Package biblatex Info: Redefining '\smartcites'.
)
Package biblatex Info: Trying to load configuration file...
Package biblatex Info: ... file 'biblatex.cfg' found.

(c:/Users/whc/AppData/Roaming/TinyTeX/texmf-dist/tex/latex/biblatex/biblatex.cf
g
File: biblatex.cfg 
)) (c:/Users/whc/AppData/Roaming/TinyTeX/texmf-dist/tex/latex/tools/longtable.s
ty
Package: longtable 2020/01/07 v4.13 Multi-page Table package (DPC)
\LTleft=\skip76
\LTright=\skip77
\LTpre=\skip78
\LTpost=\skip79
\LTchunksize=\count406
\LTcapwidth=\dimen161
\LT@head=\box49
\LT@firsthead=\box50
\LT@foot=\box51
\LT@lastfoot=\box52
\LT@cols=\count407
\LT@rows=\count408
\c@LT@tables=\count409
\c@LT@chunks=\count410
\LT@p@ftn=\toks26
)
(c:/Users/whc/AppData/Roaming/TinyTeX/texmf-dist/tex/latex/booktabs/booktabs.st
y
Package: booktabs 2020/01/12 v1.61803398 Publication quality tables
\heavyrulewidth=\dimen162
\lightrulewidth=\dimen163
\cmidrulewidth=\dimen164
\belowrulesep=\dimen165
\belowbottomsep=\dimen166
\aboverulesep=\dimen167
\abovetopsep=\dimen168
\cmidrulesep=\dimen169
\cmidrulekern=\dimen170
\defaultaddspace=\dimen171
\@cmidla=\count411
\@cmidlb=\count412
\@aboverulesep=\dimen172
\@belowrulesep=\dimen173
\@thisruleclass=\count413
\@lastruleclass=\count414
\@thisrulewidth=\dimen174
)
(c:/Users/whc/AppData/Roaming/TinyTeX/texmf-dist/tex/latex/mdwtools/footnote.st
y
Package: footnote 1997/01/28 1.13 Save footnotes around boxes
\fn@notes=\box53
\fn@width=\dimen175
) (c:/Users/whc/AppData/Roaming/TinyTeX/texmf-dist/tex/latex/caption/caption.st
y
Package: caption 2020/10/26 v3.5g Customizing captions (AR)

(c:/Users/whc/AppData/Roaming/TinyTeX/texmf-dist/tex/latex/caption/caption3.sty
Package: caption3 2020/10/21 v2.2e caption3 kernel (AR)
\captionmargin=\dimen176
\captionmargin@=\dimen177
\captionwidth=\dimen178
\caption@tempdima=\dimen179
\caption@indent=\dimen180
\caption@parindent=\dimen181
\caption@hangindent=\dimen182
Package caption Info: Standard document class detected.
)
\c@caption@flags=\count415
\c@continuedfloat=\count416
Package caption Info: hyperref package is loaded.
Package caption Info: longtable package is loaded.

(c:/Users/whc/AppData/Roaming/TinyTeX/texmf-dist/tex/latex/caption/ltcaption.st
y
Package: ltcaption 2020/05/30 v1.4b longtable captions (AR)
)) (c:/Users/whc/AppData/Roaming/TinyTeX/texmf-dist/tex/latex/bera/bera.sty
Package: bera 2004/01/31 (WaS)
(c:/Users/whc/AppData/Roaming/TinyTeX/texmf-dist/tex/latex/base/fontenc.sty
Package: fontenc 2020/08/10 v2.0s Standard LaTeX package
) (c:/Users/whc/AppData/Roaming/TinyTeX/texmf-dist/tex/latex/base/textcomp.sty
Package: textcomp 2020/02/02 v2.0n Standard LaTeX package
) (c:/Users/whc/AppData/Roaming/TinyTeX/texmf-dist/tex/latex/bera/beraserif.sty
Package: beraserif 2004/01/30 (WaS)
LaTeX Font Info:    Trying to load font information for T1+fve on input line 30
.
(c:/Users/whc/AppData/Roaming/TinyTeX/texmf-dist/tex/latex/bera/t1fve.fd
File: t1fve.fd 2004/09/07 scalable font definitions for T1/fve.
)
LaTeX Font Info:    Font shape `T1/fve/m/n' will be
(Font)              scaled to size 9.85492pt on input line 30.
) (c:/Users/whc/AppData/Roaming/TinyTeX/texmf-dist/tex/latex/bera/berasans.sty
Package: berasans 2004/01/30 (WaS)
) (c:/Users/whc/AppData/Roaming/TinyTeX/texmf-dist/tex/latex/bera/beramono.sty
Package: beramono 2004/01/31 (WaS)
))
(c:/Users/whc/AppData/Roaming/TinyTeX/texmf-dist/tex/latex/mathdesign/mathdesig
n.sty
Package: mathdesign 2013/08/29 v2.31 Math Design Project

(c:/Users/whc/AppData/Roaming/TinyTeX/texmf-dist/tex/latex/mathdesign/mdbch/mdb
ch.cfg)
(c:/Users/whc/AppData/Roaming/TinyTeX/texmf-dist/tex/latex/mathdesign/mdbch/mdb
ch.sty
Package: mdbch 2013/08/29 v2.31 bitstream bitstream charter + mdbch (Math Desig
n Project)

(c:/Users/whc/AppData/Roaming/TinyTeX/texmf-dist/tex/latex/mathdesign/mdfont.de
f
File: mdfont.def 2013/08/29 v2.31 (Math Design Project)
)
(c:/Users/whc/AppData/Roaming/TinyTeX/texmf-dist/tex/latex/mathdesign/mdsffont.
def
File: mdsffont.def 2013/08/29 v2.31 (Math Design Project)

LaTeX Warning: Font shape declaration has incorrect series value `mc'.
               It should not contain an `m'! Please correct it.
               Found on input line 53.


LaTeX Warning: Font shape declaration has incorrect series value `mc'.
               It should not contain an `m'! Please correct it.
               Found on input line 56.


LaTeX Warning: Font shape declaration has incorrect series value `mc'.
               It should not contain an `m'! Please correct it.
               Found on input line 59.


LaTeX Warning: Font shape declaration has incorrect series value `mc'.
               It should not contain an `m'! Please correct it.
               Found on input line 79.


LaTeX Warning: Font shape declaration has incorrect series value `mc'.
               It should not contain an `m'! Please correct it.
               Found on input line 102.


LaTeX Warning: Font shape declaration has incorrect series value `mc'.
               It should not contain an `m'! Please correct it.
               Found on input line 105.


LaTeX Warning: Font shape declaration has incorrect series value `mc'.
               It should not contain an `m'! Please correct it.
               Found on input line 108.


LaTeX Warning: Font shape declaration has incorrect series value `mc'.
               It should not contain an `m'! Please correct it.
               Found on input line 128.


LaTeX Warning: Font shape declaration has incorrect series value `mc'.
               It should not contain an `m'! Please correct it.
               Found on input line 259.


LaTeX Warning: Font shape declaration has incorrect series value `mc'.
               It should not contain an `m'! Please correct it.
               Found on input line 262.


LaTeX Warning: Font shape declaration has incorrect series value `mc'.
               It should not contain an `m'! Please correct it.
               Found on input line 265.


LaTeX Warning: Font shape declaration has incorrect series value `mc'.
               It should not contain an `m'! Please correct it.
               Found on input line 268.


LaTeX Warning: Font shape declaration has incorrect series value `mc'.
               It should not contain an `m'! Please correct it.
               Found on input line 313.


LaTeX Warning: Font shape declaration has incorrect series value `mc'.
               It should not contain an `m'! Please correct it.
               Found on input line 316.


LaTeX Warning: Font shape declaration has incorrect series value `mc'.
               It should not contain an `m'! Please correct it.
               Found on input line 319.


LaTeX Warning: Font shape declaration has incorrect series value `mc'.
               It should not contain an `m'! Please correct it.
               Found on input line 322.

)
(c:/Users/whc/AppData/Roaming/TinyTeX/texmf-dist/tex/latex/mathdesign/mdttfont.
def
File: mdttfont.def 2013/08/29 v2.31 (Math Design Project)
)
\symmdcal=\mathgroup6
LaTeX Font Info:    Overwriting symbol font `mdcal' in version `bold'
(Font)                  OMS/mdbch/m/n --> OMS/mdbch/b/n on input line 97.
\symmdscr=\mathgroup7
LaTeX Font Info:    Overwriting symbol font `mdscr' in version `bold'
(Font)                  OMS/mdbch/m/n --> OMS/mdbch/b/n on input line 103.
LaTeX Font Info:    Redeclaring math alphabet \mathfrak on input line 109.
LaTeX Font Info:    Overwriting math alphabet `\mathfrak' in version `normal'
(Font)                  U/euf/m/n --> U/xmdeuf/m/n on input line 109.
LaTeX Font Info:    Overwriting math alphabet `\mathfrak' in version `bold'
(Font)                  U/euf/b/n --> U/xmdeuf/m/n on input line 109.
LaTeX Font Info:    Overwriting math alphabet `\mathfrak' in version `bold'
(Font)                  U/xmdeuf/m/n --> U/xmdeuf/b/n on input line 110.
LaTeX Info: Redefining \frak on input line 111.
LaTeX Font Info:    Overwriting symbol font `operators' in version `normal'
(Font)                  OT1/lmr/m/n --> OT1/mdbch/m/n on input line 121.
LaTeX Font Info:    Overwriting symbol font `letters' in version `normal'
(Font)                  OML/lmm/m/it --> OML/mdbch/m/it on input line 122.
LaTeX Font Info:    Overwriting symbol font `symbols' in version `normal'
(Font)                  OMS/lmsy/m/n --> OMS/mdbch/m/n on input line 123.
LaTeX Font Info:    Overwriting symbol font `largesymbols' in version `normal'
(Font)                  OMX/lmex/m/n --> OMX/mdbch/m/n on input line 124.
LaTeX Font Info:    Overwriting symbol font `operators' in version `bold'
(Font)                  OT1/lmr/bx/n --> OT1/mdbch/b/n on input line 126.
LaTeX Font Info:    Overwriting symbol font `letters' in version `bold'
(Font)                  OML/lmm/b/it --> OML/mdbch/b/it on input line 127.
LaTeX Font Info:    Overwriting symbol font `symbols' in version `bold'
(Font)                  OMS/lmsy/b/n --> OMS/mdbch/b/n on input line 128.
LaTeX Font Info:    Overwriting symbol font `largesymbols' in version `bold'
(Font)                  OMX/lmex/m/n --> OMX/mdbch/b/n on input line 129.
LaTeX Font Info:    Overwriting math alphabet `\mathrm' in version `normal'
(Font)                  OT1/mdbch/m/n --> T1/mdbch/m/n on input line 131.
LaTeX Font Info:    Overwriting math alphabet `\mathbf' in version `normal'
(Font)                  OT1/lmr/bx/n --> T1/mdbch/b/n on input line 132.
LaTeX Font Info:    Overwriting math alphabet `\mathit' in version `normal'
(Font)                  OT1/lmr/m/it --> T1/mdbch/m/it on input line 133.
LaTeX Font Info:    Overwriting math alphabet `\mathsf' in version `normal'
(Font)                  OT1/lmss/m/n --> T1/fvs/m/n on input line 134.
LaTeX Font Info:    Overwriting math alphabet `\mathtt' in version `normal'
(Font)                  OT1/lmtt/m/n --> T1/fvm/m/n on input line 135.
LaTeX Font Info:    Overwriting math alphabet `\mathrm' in version `bold'
(Font)                  OT1/mdbch/b/n --> T1/mdbch/b/n on input line 137.
LaTeX Font Info:    Overwriting math alphabet `\mathbf' in version `bold'
(Font)                  OT1/lmr/bx/n --> T1/mdbch/b/n on input line 138.
LaTeX Font Info:    Overwriting math alphabet `\mathit' in version `bold'
(Font)                  OT1/lmr/bx/it --> T1/mdbch/b/it on input line 139.
LaTeX Font Info:    Overwriting math alphabet `\mathsf' in version `bold'
(Font)                  OT1/lmss/bx/n --> T1/fvs/b/n on input line 140.
LaTeX Font Info:    Overwriting math alphabet `\mathtt' in version `bold'
(Font)                  OT1/lmtt/m/n --> T1/fvm/b/n on input line 141.
\symlettersupright=\mathgroup8
LaTeX Font Info:    Overwriting symbol font `lettersupright' in version `bold'
(Font)                  OML/mdbch/m/n --> OML/mdbch/b/n on input line 144.
LaTeX Font Info:    Redeclaring math alphabet \mathrm on input line 145.
LaTeX Font Info:    Overwriting math alphabet `\mathcal' in version `normal'
(Font)                  OMS/mdbch/m/n --> OMS/mdbch/m/n on input line 167.
(c:/Users/whc/AppData/Roaming/TinyTeX/texmf-dist/tex/latex/xkeyval/xkeyval.sty
Package: xkeyval 2020/11/20 v2.8 package option processing (HA)

(c:/Users/whc/AppData/Roaming/TinyTeX/texmf-dist/tex/generic/xkeyval/xkeyval.te
x
(c:/Users/whc/AppData/Roaming/TinyTeX/texmf-dist/tex/generic/xkeyval/xkvutils.t
ex
\XKV@toks=\toks27
\XKV@tempa@toks=\toks28
)
\XKV@depth=\count417
File: xkeyval.tex 2014/12/03 v2.7a key=value parser (HA)
))
LaTeX Font Info:    Trying to load font information for T1+mdbch on input line 
186.

(c:/Users/whc/AppData/Roaming/TinyTeX/texmf-dist/tex/latex/mathdesign/mdbch/t1m
dbch.fd
File: t1mdbch.fd 2013/08/29 Fontinst v1.933 font definitions for T1/mdbch.
)
LaTeX Font Info:    Font shape `T1/mdbch/m/n' will be
(Font)              scaled to size 10.51207pt on input line 186.
LaTeX Font Info:    Redeclaring math accent \widetilde on input line 449.
LaTeX Font Info:    Redeclaring math accent \widehat on input line 450.
Now handling font encoding MDA ...
... no UTF-8 mapping file for font encoding MDA
\symmathdesignA=\mathgroup9
LaTeX Font Info:    Overwriting symbol font `mathdesignA' in version `bold'
(Font)                  MDA/mdbch/m/n --> MDA/mdbch/b/n on input line 491.
LaTeX Font Info:    Overwriting encoding scheme math defaults on input line 493
.
Now handling font encoding MDB ...
... no UTF-8 mapping file for font encoding MDB
\symmathdesignB=\mathgroup10
LaTeX Font Info:    Overwriting symbol font `mathdesignB' in version `bold'
(Font)                  MDB/mdbch/m/n --> MDB/mdbch/b/n on input line 498.
LaTeX Info: Redefining \bold on input line 510.
LaTeX Font Info:    Redeclaring math accent \widetilde on input line 532.
LaTeX Font Info:    Redeclaring math accent \widehat on input line 533.
\rulethickness=\skip80
) (c:/Users/whc/AppData/Roaming/TinyTeX/texmf-dist/tex/latex/base/fontenc.sty
Package: fontenc 2020/08/10 v2.0s Standard LaTeX package
))
(c:/Users/whc/AppData/Roaming/TinyTeX/texmf-dist/tex/latex/fontawesome/fontawes
ome.sty
Package: fontawesome 2016/05/15 v4.6.3.1 font awesome icons

(c:/Users/whc/AppData/Roaming/TinyTeX/texmf-dist/tex/latex/fontawesome/fontawes
omesymbols-generic.tex)
(c:/Users/whc/AppData/Roaming/TinyTeX/texmf-dist/tex/latex/fontawesome/fontawes
omesymbols-pdftex.tex))
(c:/Users/whc/AppData/Roaming/TinyTeX/texmf-dist/tex/latex/fancyhdr/fancyhdr.st
y
Package: fancyhdr 2021/01/28 v4.0.1 Extensive control of page headers and foote
rs
\f@nch@headwidth=\skip81
\f@nch@O@elh=\skip82
\f@nch@O@erh=\skip83
\f@nch@O@olh=\skip84
\f@nch@O@orh=\skip85
\f@nch@O@elf=\skip86
\f@nch@O@erf=\skip87
\f@nch@O@olf=\skip88
\f@nch@O@orf=\skip89
) (c:/Users/whc/AppData/Roaming/TinyTeX/texmf-dist/tex/latex/tools/bm.sty
Package: bm 2019/07/24 v1.2d Bold Symbol Support (DPC/FMi)
\symboldoperators=\mathgroup11
\symboldletters=\mathgroup12
\symboldsymbols=\mathgroup13
\symboldlargesymbols=\mathgroup14
LaTeX Font Info:    Redeclaring math alphabet \mathbf on input line 141.
LaTeX Info: Redefining \bm on input line 209.
)
(c:/Users/whc/AppData/Roaming/TinyTeX/texmf-dist/tex/latex/graphics/graphicx.st
y
Package: graphicx 2020/09/09 v1.2b Enhanced LaTeX Graphics (DPC,SPQR)

(c:/Users/whc/AppData/Roaming/TinyTeX/texmf-dist/tex/latex/graphics/graphics.st
y
Package: graphics 2020/08/30 v1.4c Standard LaTeX Graphics (DPC,SPQR)
(c:/Users/whc/AppData/Roaming/TinyTeX/texmf-dist/tex/latex/graphics/trig.sty
Package: trig 2016/01/03 v1.10 sin cos tan (DPC)
)
(c:/Users/whc/AppData/Roaming/TinyTeX/texmf-dist/tex/latex/graphics-cfg/graphic
s.cfg
File: graphics.cfg 2016/06/04 v1.11 sample graphics configuration
)
Package graphics Info: Driver file: pdftex.def on input line 105.

(c:/Users/whc/AppData/Roaming/TinyTeX/texmf-dist/tex/latex/graphics-def/pdftex.
def
File: pdftex.def 2020/10/05 v1.2a Graphics/color driver for pdftex
))
\Gin@req@height=\dimen183
\Gin@req@width=\dimen184
)
(c:/Users/whc/AppData/Roaming/TinyTeX/texmf-dist/tex/latex/titlesec/titlesec.st
y
Package: titlesec 2019/10/16 v2.13 Sectioning titles
\ttl@box=\box54
\beforetitleunit=\skip90
\aftertitleunit=\skip91
\ttl@plus=\dimen185
\ttl@minus=\dimen186
\ttl@toksa=\toks29
\titlewidth=\dimen187
\titlewidthlast=\dimen188
\titlewidthfirst=\dimen189
) (c:/Users/whc/AppData/Roaming/TinyTeX/texmf-dist/tex/latex/xcolor/xcolor.sty
Package: xcolor 2016/05/11 v2.12 LaTeX color extensions (UK)

(c:/Users/whc/AppData/Roaming/TinyTeX/texmf-dist/tex/latex/graphics-cfg/color.c
fg
File: color.cfg 2016/01/02 v1.6 sample color configuration
)
Package xcolor Info: Driver file: pdftex.def on input line 225.
Package xcolor Info: Model `cmy' substituted by `cmy0' on input line 1348.
Package xcolor Info: Model `hsb' substituted by `rgb' on input line 1352.
Package xcolor Info: Model `RGB' extended on input line 1364.
Package xcolor Info: Model `HTML' substituted by `rgb' on input line 1366.
Package xcolor Info: Model `Hsb' substituted by `hsb' on input line 1367.
Package xcolor Info: Model `tHsb' substituted by `hsb' on input line 1368.
Package xcolor Info: Model `HSB' substituted by `hsb' on input line 1369.
Package xcolor Info: Model `Gray' substituted by `gray' on input line 1370.
Package xcolor Info: Model `wave' substituted by `hsb' on input line 1371.
)
Package hyperref Info: Option `breaklinks' set `true' on input line 151.
Package hyperref Info: Option `bookmarksopen' set `true' on input line 151.
Package hyperref Info: Option `bookmarksnumbered' set `true' on input line 151.

Package hyperref Info: Option `colorlinks' set `true' on input line 151.

! LaTeX Error: File `mathtools.sty' not found.

Type X to quit or <RETURN> to proceed,
or enter new name. (Default extension: sty)

Enter file name: 
! Emergency stop.
<read *> 
         
l.154 \usepackage
                 [no-weekday]{eukdate}^^M 
Here is how much of TeX's memory you used:
 21465 strings out of 480954
 350900 string characters out of 5905582
 828266 words of memory out of 5000000
 38463 multiletter control sequences out of 15000+600000
 410662 words of font info for 31 fonts, out of 8000000 for 9000
 14 hyphenation exceptions out of 8191
 71i,0n,74p,366b,269s stack positions out of 5000i,500n,10000p,200000b,80000s

!  ==> Fatal error occurred, no output PDF file produced!
